#
# There is insufficient memory for the Java Runtime Environment to continue.
# Native memory allocation (malloc) failed to allocate 2133136 bytes for Chunk::new
# Possible reasons:
#   The system is out of physical RAM or swap space
#   The process is running with CompressedOops enabled, and the Java Heap may be blocking the growth of the native heap
# Possible solutions:
#   Reduce memory load on the system
#   Increase physical memory or swap space
#   Check if swap backing store is full
#   Decrease Java heap size (-Xmx/-Xms)
#   Decrease number of Java threads
#   Decrease Java thread stack sizes (-Xss)
#   Set larger code cache with -XX:ReservedCodeCacheSize=
#   JVM is running with Unscaled Compressed Oops mode in which the Java heap is
#     placed in the first 4GB address space. The Java Heap base address is the
#     maximum limit for the native heap growth. Please use -XX:HeapBaseMinAddress
#     to set the Java Heap base and to place the Java Heap above 4GB virtual address.
# This output file may be truncated or incomplete.
#
#  Out of Memory Error (./src/hotspot/share/memory/arena.cpp:197), pid=17668, tid=10148
#
# JRE version: OpenJDK Runtime Environment (11.0.10) (build 11.0.10+0-b96-7249189)
# Java VM: OpenJDK 64-Bit Server VM (11.0.10+0-b96-7249189, mixed mode, tiered, compressed oops, g1 gc, windows-amd64)
# No core dump will be written. Minidumps are not enabled by default on client versions of Windows
#

---------------  S U M M A R Y ------------

Command Line: --add-opens=java.base/java.util=ALL-UNNAMED --add-opens=java.base/java.lang=ALL-UNNAMED --add-opens=java.base/java.lang.invoke=ALL-UNNAMED --add-opens=java.base/java.util=ALL-UNNAMED --add-opens=java.prefs/java.util.prefs=ALL-UNNAMED --add-opens=java.prefs/java.util.prefs=ALL-UNNAMED --add-opens=java.base/java.nio.charset=ALL-UNNAMED --add-opens=java.base/java.net=ALL-UNNAMED --add-opens=java.base/java.util.concurrent.atomic=ALL-UNNAMED -Xmx2048m -Dfile.encoding=UTF-8 -Duser.country=US -Duser.language=en -Duser.variant org.gradle.launcher.daemon.bootstrap.GradleDaemon 7.0.2

Host: Intel(R) Core(TM) i5-6200U CPU @ 2.30GHz, 4 cores, 11G,  Windows 10 , 64 bit Build 19041 (10.0.19041.1645)
Time: Thu May 12 19:24:52 2022 Turkey Standard Time elapsed time: 136.379642 seconds (0d 0h 2m 16s)

---------------  T H R E A D  ---------------

Current thread (0x000001ec3b753000):  JavaThread "C2 CompilerThread0" daemon [_thread_in_native, id=10148, stack(0x0000005bd1200000,0x0000005bd1300000)]


Current CompileTask:
C2: 136379 8352       4       java.beans.MethodRef::set (58 bytes)

Stack: [0x0000005bd1200000,0x0000005bd1300000]
Native frames: (J=compiled Java code, j=interpreted, Vv=VM code, C=native code)
V  [jvm.dll+0x5ecfaa]
V  [jvm.dll+0x722bd5]
V  [jvm.dll+0x72412d]
V  [jvm.dll+0x7247e3]
V  [jvm.dll+0x242928]
V  [jvm.dll+0xbc4fc]
V  [jvm.dll+0xbca0c]
V  [jvm.dll+0x352d7d]
V  [jvm.dll+0x320ad3]
V  [jvm.dll+0x31ffca]
V  [jvm.dll+0x1fb602]
V  [jvm.dll+0x1fa7f4]
V  [jvm.dll+0x18354c]
V  [jvm.dll+0x208ee7]
V  [jvm.dll+0x207731]
V  [jvm.dll+0x6eb1cf]
V  [jvm.dll+0x6e3d45]
V  [jvm.dll+0x5ebe96]
C  [ucrtbase.dll+0x21bb2]
C  [KERNEL32.DLL+0x17034]
C  [ntdll.dll+0x52651]


---------------  P R O C E S S  ---------------

Threads class SMR info:
_java_thread_list=0x000001ec40d70f10, length=43, elements={
0x000001ec212ce800, 0x000001ec3aecd800, 0x000001ec3aecf000, 0x000001ec3b742800,
0x000001ec3b743800, 0x000001ec3b747800, 0x000001ec3b753000, 0x000001ec3b757800,
0x000001ec3b75b000, 0x000001ec3b8ab800, 0x000001ec3df9f800, 0x000001ec3ba5d800,
0x000001ec3df23000, 0x000001ec3e0cb800, 0x000001ec3e0c7000, 0x000001ec3e0c5800,
0x000001ec3e0ca800, 0x000001ec3e0cc000, 0x000001ec3e0c9000, 0x000001ec3e0c6800,
0x000001ec3e07c000, 0x000001ec3e07b800, 0x000001ec3e07d000, 0x000001ec3e079000,
0x000001ec3e084800, 0x000001ec3e07e000, 0x000001ec3e07a000, 0x000001ec3e078000,
0x000001ec3e07f800, 0x000001ec3e080800, 0x000001ec3e07a800, 0x000001ec3e083000,
0x000001ec3e087000, 0x000001ec3e081000, 0x000001ec3e083800, 0x000001ec3e085000,
0x000001ec3e086000, 0x000001ec3e0c8000, 0x000001ec3e0c9800, 0x000001ec42a1f000,
0x000001ec42a1d800, 0x000001ec42a1a000, 0x000001ec42dd0800
}

Java Threads: ( => current thread )
  0x000001ec212ce800 JavaThread "main" [_thread_blocked, id=10784, stack(0x0000005bd0600000,0x0000005bd0700000)]
  0x000001ec3aecd800 JavaThread "Reference Handler" daemon [_thread_blocked, id=18912, stack(0x0000005bd0d00000,0x0000005bd0e00000)]
  0x000001ec3aecf000 JavaThread "Finalizer" daemon [_thread_blocked, id=8616, stack(0x0000005bd0e00000,0x0000005bd0f00000)]
  0x000001ec3b742800 JavaThread "Signal Dispatcher" daemon [_thread_blocked, id=22408, stack(0x0000005bd0f00000,0x0000005bd1000000)]
  0x000001ec3b743800 JavaThread "Attach Listener" daemon [_thread_blocked, id=8784, stack(0x0000005bd1000000,0x0000005bd1100000)]
  0x000001ec3b747800 JavaThread "Service Thread" daemon [_thread_blocked, id=26016, stack(0x0000005bd1100000,0x0000005bd1200000)]
=>0x000001ec3b753000 JavaThread "C2 CompilerThread0" daemon [_thread_in_native, id=10148, stack(0x0000005bd1200000,0x0000005bd1300000)]
  0x000001ec3b757800 JavaThread "C1 CompilerThread0" daemon [_thread_blocked, id=19820, stack(0x0000005bd1300000,0x0000005bd1400000)]
  0x000001ec3b75b000 JavaThread "Sweeper thread" daemon [_thread_blocked, id=20428, stack(0x0000005bd1400000,0x0000005bd1500000)]
  0x000001ec3b8ab800 JavaThread "Common-Cleaner" daemon [_thread_blocked, id=9716, stack(0x0000005bd1500000,0x0000005bd1600000)]
  0x000001ec3df9f800 JavaThread "Daemon health stats" [_thread_blocked, id=23020, stack(0x0000005bd1b00000,0x0000005bd1c00000)]
  0x000001ec3ba5d800 JavaThread "Incoming local TCP Connector on port 61490" [_thread_in_native, id=19876, stack(0x0000005bd1700000,0x0000005bd1800000)]
  0x000001ec3df23000 JavaThread "Daemon periodic checks" [_thread_blocked, id=20332, stack(0x0000005bd1c00000,0x0000005bd1d00000)]
  0x000001ec3e0cb800 JavaThread "Cache worker for file hash cache (C:\Users\Markazi.co\.gradle\caches\7.0.2\fileHashes)" [_thread_blocked, id=22936, stack(0x0000005bd2400000,0x0000005bd2500000)]
  0x000001ec3e0c7000 JavaThread "File lock request listener" [_thread_in_native, id=24200, stack(0x0000005bd2500000,0x0000005bd2600000)]
  0x000001ec3e0c5800 JavaThread "Cache worker for journal cache (C:\Users\Markazi.co\.gradle\caches\journal-1)" [_thread_blocked, id=25104, stack(0x0000005bd2600000,0x0000005bd2700000)]
  0x000001ec3e0ca800 JavaThread "File watcher server" daemon [_thread_in_native, id=11864, stack(0x0000005bd2900000,0x0000005bd2a00000)]
  0x000001ec3e0cc000 JavaThread "File watcher consumer" daemon [_thread_blocked, id=18508, stack(0x0000005bd2a00000,0x0000005bd2b00000)]
  0x000001ec3e0c9000 JavaThread "jar transforms" [_thread_blocked, id=17436, stack(0x0000005bd2b00000,0x0000005bd2c00000)]
  0x000001ec3e0c6800 JavaThread "jar transforms Thread 2" [_thread_blocked, id=26216, stack(0x0000005bd2c00000,0x0000005bd2d00000)]
  0x000001ec3e07c000 JavaThread "jar transforms Thread 3" [_thread_blocked, id=21484, stack(0x0000005bd2d00000,0x0000005bd2e00000)]
  0x000001ec3e07b800 JavaThread "jar transforms Thread 4" [_thread_blocked, id=10340, stack(0x0000005bd2e00000,0x0000005bd2f00000)]
  0x000001ec3e07d000 JavaThread "Cache worker for execution history cache (C:\Users\Markazi.co\.gradle\caches\7.0.2\executionHistory)" [_thread_blocked, id=12352, stack(0x0000005bd3200000,0x0000005bd3300000)]
  0x000001ec3e079000 JavaThread "Cache worker for file content cache (C:\Users\Markazi.co\.gradle\caches\7.0.2\fileContent)" [_thread_blocked, id=10468, stack(0x0000005bd3300000,0x0000005bd3400000)]
  0x000001ec3e084800 JavaThread "Memory manager" [_thread_blocked, id=2576, stack(0x0000005bd3a00000,0x0000005bd3b00000)]
  0x000001ec3e07e000 JavaThread "Daemon Thread 2" [_thread_blocked, id=17288, stack(0x0000005bd0300000,0x0000005bd0400000)]
  0x000001ec3e07a000 JavaThread "Handler for socket connection from /127.0.0.1:61490 to /127.0.0.1:61608" [_thread_in_native, id=14916, stack(0x0000005bd0400000,0x0000005bd0500000)]
  0x000001ec3e078000 JavaThread "Cancel handler" [_thread_blocked, id=16728, stack(0x0000005bd0500000,0x0000005bd0600000)]
  0x000001ec3e07f800 JavaThread "Daemon worker Thread 2" [_thread_in_native, id=20892, stack(0x0000005bd1d00000,0x0000005bd1e00000)]
  0x000001ec3e080800 JavaThread "Asynchronous log dispatcher for DefaultDaemonConnection: socket connection from /127.0.0.1:61490 to /127.0.0.1:61608" [_thread_blocked, id=25020, stack(0x0000005bd2000000,0x0000005bd2100000)]
  0x000001ec3e07a800 JavaThread "Stdin handler" [_thread_blocked, id=1844, stack(0x0000005bd2100000,0x0000005bd2200000)]
  0x000001ec3e083000 JavaThread "Daemon client event forwarder" [_thread_blocked, id=12228, stack(0x0000005bd2200000,0x0000005bd2300000)]
  0x000001ec3e087000 JavaThread "Cache worker for file hash cache (C:\Users\Markazi.co\Downloads\Compressed\Paradox\Paradox\.gradle\7.0.2\fileHashes)" [_thread_blocked, id=11252, stack(0x0000005bd2300000,0x0000005bd2400000)]
  0x000001ec3e081000 JavaThread "Cache worker for checksums cache (C:\Users\Markazi.co\Downloads\Compressed\Paradox\Paradox\.gradle\checksums)" [_thread_blocked, id=16808, stack(0x0000005bd2700000,0x0000005bd2800000)]
  0x000001ec3e083800 JavaThread "Cache worker for cache directory md-supplier (C:\Users\Markazi.co\.gradle\caches\7.0.2\md-supplier)" [_thread_blocked, id=22680, stack(0x0000005bd2800000,0x0000005bd2900000)]
  0x000001ec3e085000 JavaThread "Cache worker for cache directory md-rule (C:\Users\Markazi.co\.gradle\caches\7.0.2\md-rule)" [_thread_blocked, id=21060, stack(0x0000005bd2f00000,0x0000005bd3000000)]
  0x000001ec3e086000 JavaThread "Cache worker for dependencies-accessors (C:\Users\Markazi.co\Downloads\Compressed\Paradox\Paradox\.gradle\7.0.2\dependencies-accessors)" [_thread_blocked, id=20148, stack(0x0000005bd3100000,0x0000005bd3200000)]
  0x000001ec3e0c8000 JavaThread "Cache worker for Build Output Cleanup Cache (C:\Users\Markazi.co\Downloads\Compressed\Paradox\Paradox\.gradle\buildOutputCleanup)" [_thread_blocked, id=14248, stack(0x0000005bd3400000,0x0000005bd3500000)]
  0x000001ec3e0c9800 JavaThread "Build operations" [_thread_blocked, id=21568, stack(0x0000005bd3500000,0x0000005bd3600000)]
  0x000001ec42a1f000 JavaThread "Build operations Thread 2" [_thread_blocked, id=19236, stack(0x0000005bd3600000,0x0000005bd3700000)]
  0x000001ec42a1d800 JavaThread "Build operations Thread 3" [_thread_blocked, id=10500, stack(0x0000005bd3700000,0x0000005bd3800000)]
  0x000001ec42a1a000 JavaThread "Build operations Thread 4" [_thread_blocked, id=19548, stack(0x0000005bd3800000,0x0000005bd3900000)]
  0x000001ec42dd0800 JavaThread "C2 CompilerThread1" daemon [_thread_in_native, id=7868, stack(0x0000005bd3000000,0x0000005bd3100000)]

Other Threads:
  0x000001ec3b6f5800 VMThread "VM Thread" [stack: 0x0000005bd0c00000,0x0000005bd0d00000] [id=11988]
  0x000001ec3b8c0000 WatcherThread [stack: 0x0000005bd1600000,0x0000005bd1700000] [id=8788]
  0x000001ec212e6800 GCTaskThread "GC Thread#0" [stack: 0x0000005bd0700000,0x0000005bd0800000] [id=18368]
  0x000001ec3c4b9000 GCTaskThread "GC Thread#1" [stack: 0x0000005bd1800000,0x0000005bd1900000] [id=14080]
  0x000001ec3c3c3000 GCTaskThread "GC Thread#2" [stack: 0x0000005bd1900000,0x0000005bd1a00000] [id=4708]
  0x000001ec3c3c3800 GCTaskThread "GC Thread#3" [stack: 0x0000005bd1a00000,0x0000005bd1b00000] [id=7164]
  0x000001ec21316800 ConcurrentGCThread "G1 Main Marker" [stack: 0x0000005bd0800000,0x0000005bd0900000] [id=6200]
  0x000001ec21318800 ConcurrentGCThread "G1 Conc#0" [stack: 0x0000005bd0900000,0x0000005bd0a00000] [id=26392]
  0x000001ec213ae000 ConcurrentGCThread "G1 Refine#0" [stack: 0x0000005bd0a00000,0x0000005bd0b00000] [id=9020]
  0x000001ec3ad20800 ConcurrentGCThread "G1 Young RemSet Sampling" [stack: 0x0000005bd0b00000,0x0000005bd0c00000] [id=8028]

Threads with active compile tasks:
C2 CompilerThread0 136457 8352       4       java.beans.MethodRef::set (58 bytes)
C2 CompilerThread1 136457 8359       4       java.lang.Class::privateGetPublicMethods (224 bytes)

VM state:not at safepoint (normal execution)

VM Mutex/Monitor currently owned by a thread: None

Heap address: 0x0000000080000000, size: 2048 MB, Compressed Oops mode: 32-bit
Narrow klass base: 0x0000000000000000, Narrow klass shift: 3
Compressed class space size: 1073741824 Address: 0x0000000100000000

Heap:
 garbage-first heap   total 233472K, used 104381K [0x0000000080000000, 0x0000000100000000)
  region size 1024K, 46 young (47104K), 15 survivors (15360K)
 Metaspace       used 85560K, capacity 87643K, committed 87928K, reserved 1126400K
  class space    used 11117K, capacity 11852K, committed 11904K, reserved 1048576K
Heap Regions: E=young(eden), S=young(survivor), O=old, HS=humongous(starts), HC=humongous(continues), CS=collection set, F=free, A=archive, TAMS=top-at-mark-start (previous, next)
|   0|0x0000000080000000, 0x0000000080100000, 0x0000000080100000|100%| O|  |TAMS 0x0000000080100000, 0x0000000080000000| Untracked 
|   1|0x0000000080100000, 0x0000000080200000, 0x0000000080200000|100%| O|  |TAMS 0x0000000080200000, 0x0000000080100000| Untracked 
|   2|0x0000000080200000, 0x0000000080300000, 0x0000000080300000|100%| O|  |TAMS 0x0000000080300000, 0x0000000080200000| Untracked 
|   3|0x0000000080300000, 0x0000000080400000, 0x0000000080400000|100%|HS|  |TAMS 0x0000000080400000, 0x0000000080300000| Complete 
|   4|0x0000000080400000, 0x0000000080500000, 0x0000000080500000|100%|HC|  |TAMS 0x0000000080500000, 0x0000000080400000| Complete 
|   5|0x0000000080500000, 0x0000000080600000, 0x0000000080600000|100%|HC|  |TAMS 0x0000000080600000, 0x0000000080500000| Complete 
|   6|0x0000000080600000, 0x0000000080700000, 0x0000000080700000|100%| O|  |TAMS 0x0000000080700000, 0x0000000080600000| Untracked 
|   7|0x0000000080700000, 0x0000000080800000, 0x0000000080800000|100%| O|  |TAMS 0x0000000080800000, 0x0000000080700000| Untracked 
|   8|0x0000000080800000, 0x0000000080900000, 0x0000000080900000|100%| O|  |TAMS 0x0000000080900000, 0x0000000080800000| Untracked 
|   9|0x0000000080900000, 0x0000000080a00000, 0x0000000080a00000|100%| O|  |TAMS 0x0000000080a00000, 0x0000000080900000| Untracked 
|  10|0x0000000080a00000, 0x0000000080b00000, 0x0000000080b00000|100%| O|  |TAMS 0x0000000080b00000, 0x0000000080a00000| Untracked 
|  11|0x0000000080b00000, 0x0000000080c00000, 0x0000000080c00000|100%| O|  |TAMS 0x0000000080c00000, 0x0000000080b00000| Untracked 
|  12|0x0000000080c00000, 0x0000000080d00000, 0x0000000080d00000|100%| O|  |TAMS 0x0000000080d00000, 0x0000000080c00000| Untracked 
|  13|0x0000000080d00000, 0x0000000080e00000, 0x0000000080e00000|100%|HS|  |TAMS 0x0000000080e00000, 0x0000000080d00000| Complete 
|  14|0x0000000080e00000, 0x0000000080f00000, 0x0000000080f00000|100%|HC|  |TAMS 0x0000000080f00000, 0x0000000080e00000| Complete 
|  15|0x0000000080f00000, 0x0000000081000000, 0x0000000081000000|100%|HS|  |TAMS 0x0000000081000000, 0x0000000080f00000| Complete 
|  16|0x0000000081000000, 0x0000000081100000, 0x0000000081100000|100%|HC|  |TAMS 0x0000000081100000, 0x0000000081000000| Complete 
|  17|0x0000000081100000, 0x0000000081200000, 0x0000000081200000|100%|HC|  |TAMS 0x0000000081200000, 0x0000000081100000| Complete 
|  18|0x0000000081200000, 0x0000000081300000, 0x0000000081300000|100%|HS|  |TAMS 0x0000000081300000, 0x0000000081200000| Complete 
|  19|0x0000000081300000, 0x0000000081400000, 0x0000000081400000|100%|HS|  |TAMS 0x0000000081400000, 0x0000000081300000| Complete 
|  20|0x0000000081400000, 0x0000000081500000, 0x0000000081500000|100%|HS|  |TAMS 0x0000000081500000, 0x0000000081400000| Complete 
|  21|0x0000000081500000, 0x0000000081600000, 0x0000000081600000|100%|HC|  |TAMS 0x0000000081600000, 0x0000000081500000| Complete 
|  22|0x0000000081600000, 0x0000000081700000, 0x0000000081700000|100%| O|  |TAMS 0x0000000081700000, 0x0000000081600000| Untracked 
|  23|0x0000000081700000, 0x0000000081800000, 0x0000000081800000|100%| O|  |TAMS 0x0000000081800000, 0x0000000081700000| Untracked 
|  24|0x0000000081800000, 0x0000000081900000, 0x0000000081900000|100%| O|  |TAMS 0x0000000081900000, 0x0000000081800000| Untracked 
|  25|0x0000000081900000, 0x0000000081a00000, 0x0000000081a00000|100%| O|  |TAMS 0x0000000081a00000, 0x0000000081900000| Untracked 
|  26|0x0000000081a00000, 0x0000000081b00000, 0x0000000081b00000|100%| O|  |TAMS 0x0000000081b00000, 0x0000000081a00000| Untracked 
|  27|0x0000000081b00000, 0x0000000081c00000, 0x0000000081c00000|100%| O|  |TAMS 0x0000000081c00000, 0x0000000081b00000| Untracked 
|  28|0x0000000081c00000, 0x0000000081d00000, 0x0000000081d00000|100%| O|  |TAMS 0x0000000081d00000, 0x0000000081c00000| Untracked 
|  29|0x0000000081d00000, 0x0000000081e00000, 0x0000000081e00000|100%| O|  |TAMS 0x0000000081e00000, 0x0000000081d00000| Untracked 
|  30|0x0000000081e00000, 0x0000000081f00000, 0x0000000081f00000|100%| O|  |TAMS 0x0000000081f00000, 0x0000000081e00000| Untracked 
|  31|0x0000000081f00000, 0x0000000082000000, 0x0000000082000000|100%| O|  |TAMS 0x0000000082000000, 0x0000000081f00000| Untracked 
|  32|0x0000000082000000, 0x0000000082100000, 0x0000000082100000|100%| O|  |TAMS 0x0000000082100000, 0x0000000082000000| Untracked 
|  33|0x0000000082100000, 0x0000000082200000, 0x0000000082200000|100%| O|  |TAMS 0x0000000082200000, 0x0000000082100000| Untracked 
|  34|0x0000000082200000, 0x0000000082300000, 0x0000000082300000|100%| O|  |TAMS 0x0000000082300000, 0x0000000082200000| Untracked 
|  35|0x0000000082300000, 0x0000000082400000, 0x0000000082400000|100%| O|  |TAMS 0x0000000082400000, 0x0000000082300000| Untracked 
|  36|0x0000000082400000, 0x0000000082500000, 0x0000000082500000|100%| O|  |TAMS 0x0000000082500000, 0x0000000082400000| Untracked 
|  37|0x0000000082500000, 0x0000000082600000, 0x0000000082600000|100%| O|  |TAMS 0x0000000082600000, 0x0000000082500000| Untracked 
|  38|0x0000000082600000, 0x0000000082700000, 0x0000000082700000|100%| O|  |TAMS 0x0000000082700000, 0x0000000082600000| Untracked 
|  39|0x0000000082700000, 0x0000000082800000, 0x0000000082800000|100%| O|  |TAMS 0x0000000082800000, 0x0000000082700000| Untracked 
|  40|0x0000000082800000, 0x0000000082900000, 0x0000000082900000|100%| O|  |TAMS 0x0000000082900000, 0x0000000082800000| Untracked 
|  41|0x0000000082900000, 0x0000000082a00000, 0x0000000082a00000|100%| O|  |TAMS 0x0000000082a00000, 0x0000000082900000| Untracked 
|  42|0x0000000082a00000, 0x0000000082b00000, 0x0000000082b00000|100%| O|  |TAMS 0x0000000082b00000, 0x0000000082a00000| Untracked 
|  43|0x0000000082b00000, 0x0000000082c00000, 0x0000000082c00000|100%| O|  |TAMS 0x0000000082c00000, 0x0000000082b00000| Untracked 
|  44|0x0000000082c00000, 0x0000000082d00000, 0x0000000082d00000|100%| O|  |TAMS 0x0000000082d00000, 0x0000000082c00000| Untracked 
|  45|0x0000000082d00000, 0x0000000082e00000, 0x0000000082e00000|100%| O|  |TAMS 0x0000000082df2600, 0x0000000082d00000| Untracked 
|  46|0x0000000082e00000, 0x0000000082f00000, 0x0000000082f00000|100%|HS|  |TAMS 0x0000000082e00000, 0x0000000082e00000| Complete 
|  47|0x0000000082f00000, 0x0000000083000000, 0x0000000083000000|100%| O|  |TAMS 0x0000000082f00000, 0x0000000082f00000| Untracked 
|  48|0x0000000083000000, 0x0000000083100000, 0x0000000083100000|100%| O|  |TAMS 0x0000000083000000, 0x0000000083000000| Untracked 
|  49|0x0000000083100000, 0x0000000083200000, 0x0000000083200000|100%| O|  |TAMS 0x0000000083100000, 0x0000000083100000| Untracked 
|  50|0x0000000083200000, 0x0000000083200000, 0x0000000083300000|  0%| F|  |TAMS 0x0000000083200000, 0x0000000083200000| Untracked 
|  51|0x0000000083300000, 0x0000000083400000, 0x0000000083400000|100%| O|  |TAMS 0x0000000083300000, 0x0000000083300000| Untracked 
|  52|0x0000000083400000, 0x0000000083500000, 0x0000000083500000|100%| O|  |TAMS 0x0000000083400000, 0x0000000083400000| Untracked 
|  53|0x0000000083500000, 0x0000000083600000, 0x0000000083600000|100%| O|  |TAMS 0x0000000083500000, 0x0000000083500000| Untracked 
|  54|0x0000000083600000, 0x0000000083700000, 0x0000000083700000|100%| O|  |TAMS 0x0000000083600000, 0x0000000083600000| Untracked 
|  55|0x0000000083700000, 0x0000000083800000, 0x0000000083800000|100%| O|  |TAMS 0x0000000083700000, 0x0000000083700000| Untracked 
|  56|0x0000000083800000, 0x0000000083900000, 0x0000000083900000|100%| O|  |TAMS 0x0000000083800000, 0x0000000083800000| Untracked 
|  57|0x0000000083900000, 0x00000000839ef400, 0x0000000083a00000| 93%| O|  |TAMS 0x0000000083900000, 0x0000000083900000| Untracked 
|  58|0x0000000083a00000, 0x0000000083a00000, 0x0000000083b00000|  0%| F|  |TAMS 0x0000000083a00000, 0x0000000083a00000| Untracked 
|  59|0x0000000083b00000, 0x0000000083b00000, 0x0000000083c00000|  0%| F|  |TAMS 0x0000000083b00000, 0x0000000083b00000| Untracked 
|  60|0x0000000083c00000, 0x0000000083c00000, 0x0000000083d00000|  0%| F|  |TAMS 0x0000000083c00000, 0x0000000083c00000| Untracked 
|  61|0x0000000083d00000, 0x0000000083d00000, 0x0000000083e00000|  0%| F|  |TAMS 0x0000000083d00000, 0x0000000083d00000| Untracked 
|  62|0x0000000083e00000, 0x0000000083e00000, 0x0000000083f00000|  0%| F|  |TAMS 0x0000000083e00000, 0x0000000083e00000| Untracked 
|  63|0x0000000083f00000, 0x0000000083f00000, 0x0000000084000000|  0%| F|  |TAMS 0x0000000083f00000, 0x0000000083f00000| Untracked 
|  64|0x0000000084000000, 0x0000000084000000, 0x0000000084100000|  0%| F|  |TAMS 0x0000000084000000, 0x0000000084000000| Untracked 
|  65|0x0000000084100000, 0x0000000084100000, 0x0000000084200000|  0%| F|  |TAMS 0x0000000084100000, 0x0000000084100000| Untracked 
|  66|0x0000000084200000, 0x0000000084200000, 0x0000000084300000|  0%| F|  |TAMS 0x0000000084200000, 0x0000000084200000| Untracked 
|  67|0x0000000084300000, 0x0000000084300000, 0x0000000084400000|  0%| F|  |TAMS 0x0000000084300000, 0x0000000084300000| Untracked 
|  68|0x0000000084400000, 0x0000000084400000, 0x0000000084500000|  0%| F|  |TAMS 0x0000000084400000, 0x0000000084400000| Untracked 
|  69|0x0000000084500000, 0x0000000084500000, 0x0000000084600000|  0%| F|  |TAMS 0x0000000084500000, 0x0000000084500000| Untracked 
|  70|0x0000000084600000, 0x0000000084600000, 0x0000000084700000|  0%| F|  |TAMS 0x0000000084600000, 0x0000000084600000| Untracked 
|  71|0x0000000084700000, 0x0000000084700000, 0x0000000084800000|  0%| F|  |TAMS 0x0000000084700000, 0x0000000084700000| Untracked 
|  72|0x0000000084800000, 0x0000000084800000, 0x0000000084900000|  0%| F|  |TAMS 0x0000000084800000, 0x0000000084800000| Untracked 
|  73|0x0000000084900000, 0x0000000084900000, 0x0000000084a00000|  0%| F|  |TAMS 0x0000000084900000, 0x0000000084900000| Untracked 
|  74|0x0000000084a00000, 0x0000000084a00000, 0x0000000084b00000|  0%| F|  |TAMS 0x0000000084a00000, 0x0000000084a00000| Untracked 
|  75|0x0000000084b00000, 0x0000000084b00000, 0x0000000084c00000|  0%| F|  |TAMS 0x0000000084b00000, 0x0000000084b00000| Untracked 
|  76|0x0000000084c00000, 0x0000000084c00000, 0x0000000084d00000|  0%| F|  |TAMS 0x0000000084c00000, 0x0000000084c00000| Untracked 
|  77|0x0000000084d00000, 0x0000000084d00000, 0x0000000084e00000|  0%| F|  |TAMS 0x0000000084d00000, 0x0000000084d00000| Untracked 
|  78|0x0000000084e00000, 0x0000000084e00000, 0x0000000084f00000|  0%| F|  |TAMS 0x0000000084e00000, 0x0000000084e00000| Untracked 
|  79|0x0000000084f00000, 0x0000000084f00000, 0x0000000085000000|  0%| F|  |TAMS 0x0000000084f00000, 0x0000000084f00000| Untracked 
|  80|0x0000000085000000, 0x0000000085000000, 0x0000000085100000|  0%| F|  |TAMS 0x0000000085000000, 0x0000000085000000| Untracked 
|  81|0x0000000085100000, 0x0000000085100000, 0x0000000085200000|  0%| F|  |TAMS 0x0000000085100000, 0x0000000085100000| Untracked 
|  82|0x0000000085200000, 0x0000000085200000, 0x0000000085300000|  0%| F|  |TAMS 0x0000000085200000, 0x0000000085200000| Untracked 
|  83|0x0000000085300000, 0x0000000085300000, 0x0000000085400000|  0%| F|  |TAMS 0x0000000085300000, 0x0000000085300000| Untracked 
|  84|0x0000000085400000, 0x0000000085400000, 0x0000000085500000|  0%| F|  |TAMS 0x0000000085400000, 0x0000000085400000| Untracked 
|  85|0x0000000085500000, 0x0000000085500000, 0x0000000085600000|  0%| F|  |TAMS 0x0000000085500000, 0x0000000085500000| Untracked 
|  86|0x0000000085600000, 0x0000000085600000, 0x0000000085700000|  0%| F|  |TAMS 0x0000000085600000, 0x0000000085600000| Untracked 
|  87|0x0000000085700000, 0x0000000085700000, 0x0000000085800000|  0%| F|  |TAMS 0x0000000085700000, 0x0000000085700000| Untracked 
|  88|0x0000000085800000, 0x0000000085800000, 0x0000000085900000|  0%| F|  |TAMS 0x0000000085800000, 0x0000000085800000| Untracked 
|  89|0x0000000085900000, 0x0000000085900000, 0x0000000085a00000|  0%| F|  |TAMS 0x0000000085900000, 0x0000000085900000| Untracked 
|  90|0x0000000085a00000, 0x0000000085a00000, 0x0000000085b00000|  0%| F|  |TAMS 0x0000000085a00000, 0x0000000085a00000| Untracked 
|  91|0x0000000085b00000, 0x0000000085b00000, 0x0000000085c00000|  0%| F|  |TAMS 0x0000000085b00000, 0x0000000085b00000| Untracked 
|  92|0x0000000085c00000, 0x0000000085c00000, 0x0000000085d00000|  0%| F|  |TAMS 0x0000000085c00000, 0x0000000085c00000| Untracked 
|  93|0x0000000085d00000, 0x0000000085d00000, 0x0000000085e00000|  0%| F|  |TAMS 0x0000000085d00000, 0x0000000085d00000| Untracked 
|  94|0x0000000085e00000, 0x0000000085f00000, 0x0000000085f00000|100%| S|CS|TAMS 0x0000000085e00000, 0x0000000085e00000| Complete 
|  95|0x0000000085f00000, 0x0000000086000000, 0x0000000086000000|100%| S|CS|TAMS 0x0000000085f00000, 0x0000000085f00000| Complete 
|  96|0x0000000086000000, 0x0000000086100000, 0x0000000086100000|100%| S|CS|TAMS 0x0000000086000000, 0x0000000086000000| Complete 
|  97|0x0000000086100000, 0x0000000086200000, 0x0000000086200000|100%| S|CS|TAMS 0x0000000086100000, 0x0000000086100000| Complete 
|  98|0x0000000086200000, 0x0000000086300000, 0x0000000086300000|100%| S|CS|TAMS 0x0000000086200000, 0x0000000086200000| Complete 
|  99|0x0000000086300000, 0x0000000086400000, 0x0000000086400000|100%| S|CS|TAMS 0x0000000086300000, 0x0000000086300000| Complete 
| 100|0x0000000086400000, 0x0000000086500000, 0x0000000086500000|100%| S|CS|TAMS 0x0000000086400000, 0x0000000086400000| Complete 
| 101|0x0000000086500000, 0x0000000086600000, 0x0000000086600000|100%| S|CS|TAMS 0x0000000086500000, 0x0000000086500000| Complete 
| 102|0x0000000086600000, 0x0000000086700000, 0x0000000086700000|100%| S|CS|TAMS 0x0000000086600000, 0x0000000086600000| Complete 
| 103|0x0000000086700000, 0x0000000086800000, 0x0000000086800000|100%| S|CS|TAMS 0x0000000086700000, 0x0000000086700000| Complete 
| 104|0x0000000086800000, 0x0000000086900000, 0x0000000086900000|100%| S|CS|TAMS 0x0000000086800000, 0x0000000086800000| Complete 
| 105|0x0000000086900000, 0x0000000086a00000, 0x0000000086a00000|100%| S|CS|TAMS 0x0000000086900000, 0x0000000086900000| Complete 
| 106|0x0000000086a00000, 0x0000000086b00000, 0x0000000086b00000|100%| S|CS|TAMS 0x0000000086a00000, 0x0000000086a00000| Complete 
| 107|0x0000000086b00000, 0x0000000086b00000, 0x0000000086c00000|  0%| F|  |TAMS 0x0000000086b00000, 0x0000000086b00000| Untracked 
| 108|0x0000000086c00000, 0x0000000086c00000, 0x0000000086d00000|  0%| F|  |TAMS 0x0000000086c00000, 0x0000000086c00000| Untracked 
| 109|0x0000000086d00000, 0x0000000086d00000, 0x0000000086e00000|  0%| F|  |TAMS 0x0000000086d00000, 0x0000000086d00000| Untracked 
| 110|0x0000000086e00000, 0x0000000086e00000, 0x0000000086f00000|  0%| F|  |TAMS 0x0000000086e00000, 0x0000000086e00000| Untracked 
| 111|0x0000000086f00000, 0x0000000086f00000, 0x0000000087000000|  0%| F|  |TAMS 0x0000000086f00000, 0x0000000086f00000| Untracked 
| 112|0x0000000087000000, 0x0000000087000000, 0x0000000087100000|  0%| F|  |TAMS 0x0000000087000000, 0x0000000087000000| Untracked 
| 113|0x0000000087100000, 0x0000000087100000, 0x0000000087200000|  0%| F|  |TAMS 0x0000000087100000, 0x0000000087100000| Untracked 
| 114|0x0000000087200000, 0x0000000087200000, 0x0000000087300000|  0%| F|  |TAMS 0x0000000087200000, 0x0000000087200000| Untracked 
| 115|0x0000000087300000, 0x0000000087300000, 0x0000000087400000|  0%| F|  |TAMS 0x0000000087300000, 0x0000000087300000| Untracked 
| 116|0x0000000087400000, 0x0000000087400000, 0x0000000087500000|  0%| F|  |TAMS 0x0000000087400000, 0x0000000087400000| Untracked 
| 117|0x0000000087500000, 0x0000000087500000, 0x0000000087600000|  0%| F|  |TAMS 0x0000000087500000, 0x0000000087500000| Untracked 
| 118|0x0000000087600000, 0x0000000087600000, 0x0000000087700000|  0%| F|  |TAMS 0x0000000087600000, 0x0000000087600000| Untracked 
| 119|0x0000000087700000, 0x0000000087700000, 0x0000000087800000|  0%| F|  |TAMS 0x0000000087700000, 0x0000000087700000| Untracked 
| 120|0x0000000087800000, 0x0000000087800000, 0x0000000087900000|  0%| F|  |TAMS 0x0000000087800000, 0x0000000087800000| Untracked 
| 121|0x0000000087900000, 0x0000000087900000, 0x0000000087a00000|  0%| F|  |TAMS 0x0000000087900000, 0x0000000087900000| Untracked 
| 122|0x0000000087a00000, 0x0000000087b00000, 0x0000000087b00000|100%| S|CS|TAMS 0x0000000087a00000, 0x0000000087a00000| Complete 
| 123|0x0000000087b00000, 0x0000000087c00000, 0x0000000087c00000|100%| S|CS|TAMS 0x0000000087b00000, 0x0000000087b00000| Complete 
| 124|0x0000000087c00000, 0x0000000087c00000, 0x0000000087d00000|  0%| F|  |TAMS 0x0000000087c00000, 0x0000000087c00000| Untracked 
| 125|0x0000000087d00000, 0x0000000087d00000, 0x0000000087e00000|  0%| F|  |TAMS 0x0000000087d00000, 0x0000000087d00000| Untracked 
| 126|0x0000000087e00000, 0x0000000087e00000, 0x0000000087f00000|  0%| F|  |TAMS 0x0000000087e00000, 0x0000000087e00000| Untracked 
| 127|0x0000000087f00000, 0x0000000087f00000, 0x0000000088000000|  0%| F|  |TAMS 0x0000000087f00000, 0x0000000087f00000| Untracked 
| 128|0x0000000088000000, 0x0000000088000000, 0x0000000088100000|  0%| F|  |TAMS 0x0000000088000000, 0x0000000088000000| Untracked 
| 129|0x0000000088100000, 0x0000000088100000, 0x0000000088200000|  0%| F|  |TAMS 0x0000000088100000, 0x0000000088100000| Untracked 
| 130|0x0000000088200000, 0x0000000088200000, 0x0000000088300000|  0%| F|  |TAMS 0x0000000088200000, 0x0000000088200000| Untracked 
| 131|0x0000000088300000, 0x0000000088300000, 0x0000000088400000|  0%| F|  |TAMS 0x0000000088300000, 0x0000000088300000| Untracked 
| 132|0x0000000088400000, 0x0000000088400000, 0x0000000088500000|  0%| F|  |TAMS 0x0000000088400000, 0x0000000088400000| Untracked 
| 133|0x0000000088500000, 0x0000000088500000, 0x0000000088600000|  0%| F|  |TAMS 0x0000000088500000, 0x0000000088500000| Untracked 
| 134|0x0000000088600000, 0x0000000088600000, 0x0000000088700000|  0%| F|  |TAMS 0x0000000088600000, 0x0000000088600000| Untracked 
| 135|0x0000000088700000, 0x0000000088700000, 0x0000000088800000|  0%| F|  |TAMS 0x0000000088700000, 0x0000000088700000| Untracked 
| 136|0x0000000088800000, 0x0000000088800000, 0x0000000088900000|  0%| F|  |TAMS 0x0000000088800000, 0x0000000088800000| Untracked 
| 137|0x0000000088900000, 0x0000000088900000, 0x0000000088a00000|  0%| F|  |TAMS 0x0000000088900000, 0x0000000088900000| Untracked 
| 138|0x0000000088a00000, 0x0000000088a00000, 0x0000000088b00000|  0%| F|  |TAMS 0x0000000088a00000, 0x0000000088a00000| Untracked 
| 139|0x0000000088b00000, 0x0000000088b00000, 0x0000000088c00000|  0%| F|  |TAMS 0x0000000088b00000, 0x0000000088b00000| Untracked 
| 140|0x0000000088c00000, 0x0000000088c00000, 0x0000000088d00000|  0%| F|  |TAMS 0x0000000088c00000, 0x0000000088c00000| Untracked 
| 141|0x0000000088d00000, 0x0000000088d00000, 0x0000000088e00000|  0%| F|  |TAMS 0x0000000088d00000, 0x0000000088d00000| Untracked 
| 142|0x0000000088e00000, 0x0000000088e00000, 0x0000000088f00000|  0%| F|  |TAMS 0x0000000088e00000, 0x0000000088e00000| Untracked 
| 143|0x0000000088f00000, 0x0000000088f00000, 0x0000000089000000|  0%| F|  |TAMS 0x0000000088f00000, 0x0000000088f00000| Untracked 
| 144|0x0000000089000000, 0x0000000089000000, 0x0000000089100000|  0%| F|  |TAMS 0x0000000089000000, 0x0000000089000000| Untracked 
| 145|0x0000000089100000, 0x0000000089100000, 0x0000000089200000|  0%| F|  |TAMS 0x0000000089100000, 0x0000000089100000| Untracked 
| 146|0x0000000089200000, 0x0000000089200000, 0x0000000089300000|  0%| F|  |TAMS 0x0000000089200000, 0x0000000089200000| Untracked 
| 147|0x0000000089300000, 0x0000000089300000, 0x0000000089400000|  0%| F|  |TAMS 0x0000000089300000, 0x0000000089300000| Untracked 
| 148|0x0000000089400000, 0x0000000089400000, 0x0000000089500000|  0%| F|  |TAMS 0x0000000089400000, 0x0000000089400000| Untracked 
| 149|0x0000000089500000, 0x0000000089500000, 0x0000000089600000|  0%| F|  |TAMS 0x0000000089500000, 0x0000000089500000| Untracked 
| 150|0x0000000089600000, 0x0000000089600000, 0x0000000089700000|  0%| F|  |TAMS 0x0000000089600000, 0x0000000089600000| Untracked 
| 151|0x0000000089700000, 0x0000000089700000, 0x0000000089800000|  0%| F|  |TAMS 0x0000000089700000, 0x0000000089700000| Untracked 
| 152|0x0000000089800000, 0x0000000089800000, 0x0000000089900000|  0%| F|  |TAMS 0x0000000089800000, 0x0000000089800000| Untracked 
| 153|0x0000000089900000, 0x0000000089900000, 0x0000000089a00000|  0%| F|  |TAMS 0x0000000089900000, 0x0000000089900000| Untracked 
| 154|0x0000000089a00000, 0x0000000089a00000, 0x0000000089b00000|  0%| F|  |TAMS 0x0000000089a00000, 0x0000000089a00000| Untracked 
| 155|0x0000000089b00000, 0x0000000089b00000, 0x0000000089c00000|  0%| F|  |TAMS 0x0000000089b00000, 0x0000000089b00000| Untracked 
| 156|0x0000000089c00000, 0x0000000089c00000, 0x0000000089d00000|  0%| F|  |TAMS 0x0000000089c00000, 0x0000000089c00000| Untracked 
| 157|0x0000000089d00000, 0x0000000089d00000, 0x0000000089e00000|  0%| F|  |TAMS 0x0000000089d00000, 0x0000000089d00000| Untracked 
| 158|0x0000000089e00000, 0x0000000089e00000, 0x0000000089f00000|  0%| F|  |TAMS 0x0000000089e00000, 0x0000000089e00000| Untracked 
| 159|0x0000000089f00000, 0x0000000089f00000, 0x000000008a000000|  0%| F|  |TAMS 0x0000000089f00000, 0x0000000089f00000| Untracked 
| 160|0x000000008a000000, 0x000000008a000000, 0x000000008a100000|  0%| F|  |TAMS 0x000000008a000000, 0x000000008a000000| Untracked 
| 161|0x000000008a100000, 0x000000008a100000, 0x000000008a200000|  0%| F|  |TAMS 0x000000008a100000, 0x000000008a100000| Untracked 
| 162|0x000000008a200000, 0x000000008a200000, 0x000000008a300000|  0%| F|  |TAMS 0x000000008a200000, 0x000000008a200000| Untracked 
| 163|0x000000008a300000, 0x000000008a300000, 0x000000008a400000|  0%| F|  |TAMS 0x000000008a300000, 0x000000008a300000| Untracked 
| 164|0x000000008a400000, 0x000000008a400000, 0x000000008a500000|  0%| F|  |TAMS 0x000000008a400000, 0x000000008a400000| Untracked 
| 165|0x000000008a500000, 0x000000008a500000, 0x000000008a600000|  0%| F|  |TAMS 0x000000008a500000, 0x000000008a500000| Untracked 
| 166|0x000000008a600000, 0x000000008a600000, 0x000000008a700000|  0%| F|  |TAMS 0x000000008a600000, 0x000000008a600000| Untracked 
| 167|0x000000008a700000, 0x000000008a700000, 0x000000008a800000|  0%| F|  |TAMS 0x000000008a700000, 0x000000008a700000| Untracked 
| 168|0x000000008a800000, 0x000000008a800000, 0x000000008a900000|  0%| F|  |TAMS 0x000000008a800000, 0x000000008a800000| Untracked 
| 169|0x000000008a900000, 0x000000008a900000, 0x000000008aa00000|  0%| F|  |TAMS 0x000000008a900000, 0x000000008a900000| Untracked 
| 170|0x000000008aa00000, 0x000000008aa00000, 0x000000008ab00000|  0%| F|  |TAMS 0x000000008aa00000, 0x000000008aa00000| Untracked 
| 171|0x000000008ab00000, 0x000000008ab00000, 0x000000008ac00000|  0%| F|  |TAMS 0x000000008ab00000, 0x000000008ab00000| Untracked 
| 172|0x000000008ac00000, 0x000000008ac00000, 0x000000008ad00000|  0%| F|  |TAMS 0x000000008ac00000, 0x000000008ac00000| Untracked 
| 173|0x000000008ad00000, 0x000000008ad00000, 0x000000008ae00000|  0%| F|  |TAMS 0x000000008ad00000, 0x000000008ad00000| Untracked 
| 174|0x000000008ae00000, 0x000000008ae00000, 0x000000008af00000|  0%| F|  |TAMS 0x000000008ae00000, 0x000000008ae00000| Untracked 
| 175|0x000000008af00000, 0x000000008af00000, 0x000000008b000000|  0%| F|  |TAMS 0x000000008af00000, 0x000000008af00000| Untracked 
| 176|0x000000008b000000, 0x000000008b000000, 0x000000008b100000|  0%| F|  |TAMS 0x000000008b000000, 0x000000008b000000| Untracked 
| 177|0x000000008b100000, 0x000000008b100000, 0x000000008b200000|  0%| F|  |TAMS 0x000000008b100000, 0x000000008b100000| Untracked 
| 178|0x000000008b200000, 0x000000008b200000, 0x000000008b300000|  0%| F|  |TAMS 0x000000008b200000, 0x000000008b200000| Untracked 
| 179|0x000000008b300000, 0x000000008b300000, 0x000000008b400000|  0%| F|  |TAMS 0x000000008b300000, 0x000000008b300000| Untracked 
| 180|0x000000008b400000, 0x000000008b400000, 0x000000008b500000|  0%| F|  |TAMS 0x000000008b400000, 0x000000008b400000| Untracked 
| 181|0x000000008b500000, 0x000000008b500000, 0x000000008b600000|  0%| F|  |TAMS 0x000000008b500000, 0x000000008b500000| Untracked 
| 182|0x000000008b600000, 0x000000008b600000, 0x000000008b700000|  0%| F|  |TAMS 0x000000008b600000, 0x000000008b600000| Untracked 
| 183|0x000000008b700000, 0x000000008b700000, 0x000000008b800000|  0%| F|  |TAMS 0x000000008b700000, 0x000000008b700000| Untracked 
| 184|0x000000008b800000, 0x000000008b800000, 0x000000008b900000|  0%| F|  |TAMS 0x000000008b800000, 0x000000008b800000| Untracked 
| 185|0x000000008b900000, 0x000000008b900000, 0x000000008ba00000|  0%| F|  |TAMS 0x000000008b900000, 0x000000008b900000| Untracked 
| 186|0x000000008ba00000, 0x000000008ba00000, 0x000000008bb00000|  0%| F|  |TAMS 0x000000008ba00000, 0x000000008ba00000| Untracked 
| 187|0x000000008bb00000, 0x000000008bb00000, 0x000000008bc00000|  0%| F|  |TAMS 0x000000008bb00000, 0x000000008bb00000| Untracked 
| 188|0x000000008bc00000, 0x000000008bc00000, 0x000000008bd00000|  0%| F|  |TAMS 0x000000008bc00000, 0x000000008bc00000| Untracked 
| 189|0x000000008bd00000, 0x000000008bd00000, 0x000000008be00000|  0%| F|  |TAMS 0x000000008bd00000, 0x000000008bd00000| Untracked 
| 190|0x000000008be00000, 0x000000008be00000, 0x000000008bf00000|  0%| F|  |TAMS 0x000000008be00000, 0x000000008be00000| Untracked 
| 191|0x000000008bf00000, 0x000000008bf00000, 0x000000008c000000|  0%| F|  |TAMS 0x000000008bf00000, 0x000000008bf00000| Untracked 
| 192|0x000000008c000000, 0x000000008c000000, 0x000000008c100000|  0%| F|  |TAMS 0x000000008c000000, 0x000000008c000000| Untracked 
| 193|0x000000008c100000, 0x000000008c100000, 0x000000008c200000|  0%| F|  |TAMS 0x000000008c100000, 0x000000008c100000| Untracked 
| 194|0x000000008c200000, 0x000000008c200000, 0x000000008c300000|  0%| F|  |TAMS 0x000000008c200000, 0x000000008c200000| Untracked 
| 195|0x000000008c300000, 0x000000008c300000, 0x000000008c400000|  0%| F|  |TAMS 0x000000008c300000, 0x000000008c300000| Untracked 
| 196|0x000000008c400000, 0x000000008c400000, 0x000000008c500000|  0%| F|  |TAMS 0x000000008c400000, 0x000000008c400000| Untracked 
| 197|0x000000008c500000, 0x000000008c500800, 0x000000008c600000|  0%| E|  |TAMS 0x000000008c500000, 0x000000008c500000| Complete 
| 198|0x000000008c600000, 0x000000008c700000, 0x000000008c700000|100%| E|CS|TAMS 0x000000008c600000, 0x000000008c600000| Complete 
| 199|0x000000008c700000, 0x000000008c800000, 0x000000008c800000|100%| E|CS|TAMS 0x000000008c700000, 0x000000008c700000| Complete 
| 200|0x000000008c800000, 0x000000008c900000, 0x000000008c900000|100%| E|CS|TAMS 0x000000008c800000, 0x000000008c800000| Complete 
| 201|0x000000008c900000, 0x000000008ca00000, 0x000000008ca00000|100%| E|CS|TAMS 0x000000008c900000, 0x000000008c900000| Complete 
| 202|0x000000008ca00000, 0x000000008cb00000, 0x000000008cb00000|100%| E|CS|TAMS 0x000000008ca00000, 0x000000008ca00000| Complete 
| 203|0x000000008cb00000, 0x000000008cc00000, 0x000000008cc00000|100%| E|CS|TAMS 0x000000008cb00000, 0x000000008cb00000| Complete 
| 204|0x000000008cc00000, 0x000000008cd00000, 0x000000008cd00000|100%| E|CS|TAMS 0x000000008cc00000, 0x000000008cc00000| Complete 
| 205|0x000000008cd00000, 0x000000008ce00000, 0x000000008ce00000|100%| E|CS|TAMS 0x000000008cd00000, 0x000000008cd00000| Complete 
| 206|0x000000008ce00000, 0x000000008cf00000, 0x000000008cf00000|100%| E|CS|TAMS 0x000000008ce00000, 0x000000008ce00000| Complete 
| 207|0x000000008cf00000, 0x000000008d000000, 0x000000008d000000|100%| E|CS|TAMS 0x000000008cf00000, 0x000000008cf00000| Complete 
| 208|0x000000008d000000, 0x000000008d100000, 0x000000008d100000|100%| E|CS|TAMS 0x000000008d000000, 0x000000008d000000| Complete 
| 209|0x000000008d100000, 0x000000008d200000, 0x000000008d200000|100%| E|CS|TAMS 0x000000008d100000, 0x000000008d100000| Complete 
| 210|0x000000008d200000, 0x000000008d300000, 0x000000008d300000|100%| E|CS|TAMS 0x000000008d200000, 0x000000008d200000| Complete 
| 211|0x000000008d300000, 0x000000008d400000, 0x000000008d400000|100%| E|CS|TAMS 0x000000008d300000, 0x000000008d300000| Complete 
| 212|0x000000008d400000, 0x000000008d500000, 0x000000008d500000|100%| E|CS|TAMS 0x000000008d400000, 0x000000008d400000| Complete 
| 213|0x000000008d500000, 0x000000008d600000, 0x000000008d600000|100%| E|CS|TAMS 0x000000008d500000, 0x000000008d500000| Complete 
| 214|0x000000008d600000, 0x000000008d700000, 0x000000008d700000|100%| E|CS|TAMS 0x000000008d600000, 0x000000008d600000| Complete 
| 215|0x000000008d700000, 0x000000008d800000, 0x000000008d800000|100%| E|CS|TAMS 0x000000008d700000, 0x000000008d700000| Complete 
| 216|0x000000008d800000, 0x000000008d900000, 0x000000008d900000|100%| E|CS|TAMS 0x000000008d800000, 0x000000008d800000| Complete 
| 217|0x000000008d900000, 0x000000008da00000, 0x000000008da00000|100%| E|CS|TAMS 0x000000008d900000, 0x000000008d900000| Complete 
| 218|0x000000008da00000, 0x000000008db00000, 0x000000008db00000|100%| E|CS|TAMS 0x000000008da00000, 0x000000008da00000| Complete 
| 219|0x000000008db00000, 0x000000008dc00000, 0x000000008dc00000|100%| E|CS|TAMS 0x000000008db00000, 0x000000008db00000| Complete 
| 220|0x000000008dc00000, 0x000000008dd00000, 0x000000008dd00000|100%| E|CS|TAMS 0x000000008dc00000, 0x000000008dc00000| Complete 
| 221|0x000000008dd00000, 0x000000008de00000, 0x000000008de00000|100%| E|CS|TAMS 0x000000008dd00000, 0x000000008dd00000| Complete 
| 222|0x000000008de00000, 0x000000008df00000, 0x000000008df00000|100%| E|CS|TAMS 0x000000008de00000, 0x000000008de00000| Complete 
| 223|0x000000008df00000, 0x000000008e000000, 0x000000008e000000|100%| E|CS|TAMS 0x000000008df00000, 0x000000008df00000| Complete 
| 224|0x000000008e000000, 0x000000008e100000, 0x000000008e100000|100%| E|CS|TAMS 0x000000008e000000, 0x000000008e000000| Complete 
| 225|0x000000008e100000, 0x000000008e200000, 0x000000008e200000|100%| E|CS|TAMS 0x000000008e100000, 0x000000008e100000| Complete 
| 226|0x000000008e200000, 0x000000008e300000, 0x000000008e300000|100%| E|CS|TAMS 0x000000008e200000, 0x000000008e200000| Complete 
| 227|0x000000008e300000, 0x000000008e400000, 0x000000008e400000|100%| E|CS|TAMS 0x000000008e300000, 0x000000008e300000| Complete 

Card table byte_map: [0x000001ec341c0000,0x000001ec345c0000] _byte_map_base: 0x000001ec33dc0000

Marking Bits (Prev, Next): (CMBitMap*) 0x000001ec2130da38, (CMBitMap*) 0x000001ec2130da70
 Prev Bits: [0x000001ec349c0000, 0x000001ec369c0000)
 Next Bits: [0x000001ec369c0000, 0x000001ec389c0000)

Polling page: 0x000001ec20ab0000

Metaspace:

Usage:
  Non-class:     74.01 MB capacity,    72.71 MB ( 98%) used,     1.11 MB (  1%) free+waste,   198.50 KB ( <1%) overhead. 
      Class:     11.57 MB capacity,    10.86 MB ( 94%) used,   640.39 KB (  5%) free+waste,    91.63 KB ( <1%) overhead. 
       Both:     85.59 MB capacity,    83.57 MB ( 98%) used,     1.74 MB (  2%) free+waste,   290.13 KB ( <1%) overhead. 

Virtual space:
  Non-class space:       76.00 MB reserved,      74.24 MB ( 98%) committed 
      Class space:        1.00 GB reserved,      11.63 MB (  1%) committed 
             Both:        1.07 GB reserved,      85.87 MB (  8%) committed 

Chunk freelists:
   Non-Class:  41.00 KB
       Class:  0 bytes
        Both:  41.00 KB

MaxMetaspaceSize: 17179869184.00 GB
CompressedClassSpaceSize: 1.00 GB

CodeHeap 'non-profiled nmethods': size=120064Kb used=5219Kb max_used=5219Kb free=114844Kb
 bounds [0x000001ec2c880000, 0x000001ec2cda0000, 0x000001ec33dc0000]
CodeHeap 'profiled nmethods': size=120000Kb used=18066Kb max_used=18066Kb free=101933Kb
 bounds [0x000001ec25350000, 0x000001ec26500000, 0x000001ec2c880000]
CodeHeap 'non-nmethods': size=5696Kb used=2295Kb max_used=2327Kb free=3400Kb
 bounds [0x000001ec24dc0000, 0x000001ec25030000, 0x000001ec25350000]
 total_blobs=9229 nmethods=8363 adapters=775
 compilation: enabled
              stopped_count=0, restarted_count=0
 full_count=0

Compilation events (20 events):
Event: 136.333 Thread 0x000001ec3b757800 8419       2       com.google.common.collect.ImmutableList::contains (14 bytes)
Event: 136.333 Thread 0x000001ec3b757800 nmethod 8419 0x000001ec264e3c90 code [0x000001ec264e3e40, 0x000001ec264e3f68]
Event: 136.334 Thread 0x000001ec3b757800 8420       2       com.google.common.collect.ImmutableList::indexOf (14 bytes)
Event: 136.334 Thread 0x000001ec3b757800 nmethod 8420 0x000001ec264e4010 code [0x000001ec264e41c0, 0x000001ec264e42e8]
Event: 136.334 Thread 0x000001ec3b757800 8421       2       com.google.common.collect.Lists::indexOfImpl (51 bytes)
Event: 136.334 Thread 0x000001ec3b757800 nmethod 8421 0x000001ec264e4390 code [0x000001ec264e45a0, 0x000001ec264e4858]
Event: 136.335 Thread 0x000001ec3b757800 8422   !   2       org.gradle.internal.typeconversion.ErrorHandlingNotationParser::parseNotation (98 bytes)
Event: 136.336 Thread 0x000001ec3b757800 nmethod 8422 0x000001ec264e4990 code [0x000001ec264e4ca0, 0x000001ec264e5938]
Event: 136.354 Thread 0x000001ec3b757800 8423       2       groovyjarjarasm.asm.SymbolTable::addConstantClass (8 bytes)
Event: 136.354 Thread 0x000001ec3b757800 nmethod 8423 0x000001ec264e5f10 code [0x000001ec264e60c0, 0x000001ec264e61e8]
Event: 136.354 Thread 0x000001ec3b757800 8424       2       groovyjarjarasm.asm.SymbolTable::addConstantUtf8Reference (101 bytes)
Event: 136.355 Thread 0x000001ec3b757800 nmethod 8424 0x000001ec264e6290 code [0x000001ec264e64a0, 0x000001ec264e6898]
Event: 136.363 Thread 0x000001ec3b757800 8425       2       groovyjarjarasm.asm.Frame::pop (53 bytes)
Event: 136.364 Thread 0x000001ec3b757800 nmethod 8425 0x000001ec264e6b90 code [0x000001ec264e6da0, 0x000001ec264e70f8]
Event: 136.365 Thread 0x000001ec3b757800 8426       2       groovyjarjarasm.asm.Label::<init> (5 bytes)
Event: 136.365 Thread 0x000001ec3b757800 nmethod 8426 0x000001ec264e7390 code [0x000001ec264e7540, 0x000001ec264e7638]
Event: 136.365 Thread 0x000001ec3b757800 8427       2       groovyjarjarasm.asm.ByteVector::put12 (64 bytes)
Event: 136.366 Thread 0x000001ec3b757800 nmethod 8427 0x000001ec264e7710 code [0x000001ec264e78e0, 0x000001ec264e7ac8]
Event: 136.367 Thread 0x000001ec3b757800 8428       1       java.util.stream.Streams$RangeIntSpliterator::characteristics (4 bytes)
Event: 136.367 Thread 0x000001ec3b757800 nmethod 8428 0x000001ec2cd97e10 code [0x000001ec2cd97fc0, 0x000001ec2cd98078]

GC Heap History (20 events):
Event: 1.932 GC heap before
{Heap before GC invocations=2 (full 0):
 garbage-first heap   total 194560K, used 51054K [0x0000000080000000, 0x0000000100000000)
  region size 1024K, 43 young (44032K), 2 survivors (2048K)
 Metaspace       used 10916K, capacity 11191K, committed 11264K, reserved 1058816K
  class space    used 1148K, capacity 1246K, committed 1280K, reserved 1048576K
}
Event: 1.937 GC heap after
{Heap after GC invocations=3 (full 0):
 garbage-first heap   total 194560K, used 13631K [0x0000000080000000, 0x0000000100000000)
  region size 1024K, 6 young (6144K), 6 survivors (6144K)
 Metaspace       used 10916K, capacity 11191K, committed 11264K, reserved 1058816K
  class space    used 1148K, capacity 1246K, committed 1280K, reserved 1048576K
}
Event: 4.431 GC heap before
{Heap before GC invocations=3 (full 0):
 garbage-first heap   total 194560K, used 65855K [0x0000000080000000, 0x0000000100000000)
  region size 1024K, 58 young (59392K), 6 survivors (6144K)
 Metaspace       used 20534K, capacity 21072K, committed 21248K, reserved 1067008K
  class space    used 2488K, capacity 2697K, committed 2816K, reserved 1048576K
}
Event: 4.441 GC heap after
{Heap after GC invocations=4 (full 0):
 garbage-first heap   total 194560K, used 16471K [0x0000000080000000, 0x0000000100000000)
  region size 1024K, 4 young (4096K), 4 survivors (4096K)
 Metaspace       used 20534K, capacity 21072K, committed 21248K, reserved 1067008K
  class space    used 2488K, capacity 2697K, committed 2816K, reserved 1048576K
}
Event: 5.616 GC heap before
{Heap before GC invocations=5 (full 0):
 garbage-first heap   total 194560K, used 87127K [0x0000000080000000, 0x0000000100000000)
  region size 1024K, 68 young (69632K), 4 survivors (4096K)
 Metaspace       used 26908K, capacity 27658K, committed 27904K, reserved 1073152K
  class space    used 3535K, capacity 3804K, committed 3840K, reserved 1048576K
}
Event: 5.628 GC heap after
{Heap after GC invocations=6 (full 0):
 garbage-first heap   total 194560K, used 24622K [0x0000000080000000, 0x0000000100000000)
  region size 1024K, 7 young (7168K), 7 survivors (7168K)
 Metaspace       used 26908K, capacity 27658K, committed 27904K, reserved 1073152K
  class space    used 3535K, capacity 3804K, committed 3840K, reserved 1048576K
}
Event: 6.642 GC heap before
{Heap before GC invocations=6 (full 0):
 garbage-first heap   total 194560K, used 72750K [0x0000000080000000, 0x0000000100000000)
  region size 1024K, 55 young (56320K), 7 survivors (7168K)
 Metaspace       used 34649K, capacity 35596K, committed 35840K, reserved 1081344K
  class space    used 4514K, capacity 4854K, committed 4864K, reserved 1048576K
}
Event: 6.656 GC heap after
{Heap after GC invocations=7 (full 0):
 garbage-first heap   total 194560K, used 28035K [0x0000000080000000, 0x0000000100000000)
  region size 1024K, 10 young (10240K), 10 survivors (10240K)
 Metaspace       used 34649K, capacity 35596K, committed 35840K, reserved 1081344K
  class space    used 4514K, capacity 4854K, committed 4864K, reserved 1048576K
}
Event: 8.620 GC heap before
{Heap before GC invocations=8 (full 0):
 garbage-first heap   total 194560K, used 137603K [0x0000000080000000, 0x0000000100000000)
  region size 1024K, 114 young (116736K), 10 survivors (10240K)
 Metaspace       used 43565K, capacity 44743K, committed 44928K, reserved 1087488K
  class space    used 5563K, capacity 5979K, committed 6016K, reserved 1048576K
}
Event: 8.643 GC heap after
{Heap after GC invocations=9 (full 0):
 garbage-first heap   total 194560K, used 33981K [0x0000000080000000, 0x0000000100000000)
  region size 1024K, 13 young (13312K), 13 survivors (13312K)
 Metaspace       used 43565K, capacity 44743K, committed 44928K, reserved 1087488K
  class space    used 5563K, capacity 5979K, committed 6016K, reserved 1048576K
}
Event: 11.061 GC heap before
{Heap before GC invocations=9 (full 0):
 garbage-first heap   total 194560K, used 141501K [0x0000000080000000, 0x0000000100000000)
  region size 1024K, 114 young (116736K), 13 survivors (13312K)
 Metaspace       used 51551K, capacity 53085K, committed 53248K, reserved 1095680K
  class space    used 6562K, capacity 7091K, committed 7168K, reserved 1048576K
}
Event: 11.085 GC heap after
{Heap after GC invocations=10 (full 0):
 garbage-first heap   total 194560K, used 47104K [0x0000000080000000, 0x0000000100000000)
  region size 1024K, 15 young (15360K), 15 survivors (15360K)
 Metaspace       used 51551K, capacity 53085K, committed 53248K, reserved 1095680K
  class space    used 6562K, capacity 7091K, committed 7168K, reserved 1048576K
}
Event: 12.234 GC heap before
{Heap before GC invocations=10 (full 0):
 garbage-first heap   total 194560K, used 88064K [0x0000000080000000, 0x0000000100000000)
  region size 1024K, 56 young (57344K), 15 survivors (15360K)
 Metaspace       used 58324K, capacity 59839K, committed 59904K, reserved 1101824K
  class space    used 7397K, capacity 7930K, committed 7936K, reserved 1048576K
}
Event: 12.266 GC heap after
{Heap after GC invocations=11 (full 0):
 garbage-first heap   total 194560K, used 51145K [0x0000000080000000, 0x0000000100000000)
  region size 1024K, 4 young (4096K), 4 survivors (4096K)
 Metaspace       used 58324K, capacity 59839K, committed 59904K, reserved 1101824K
  class space    used 7397K, capacity 7930K, committed 7936K, reserved 1048576K
}
Event: 13.964 GC heap before
{Heap before GC invocations=12 (full 0):
 garbage-first heap   total 194560K, used 138185K [0x0000000080000000, 0x0000000100000000)
  region size 1024K, 89 young (91136K), 4 survivors (4096K)
 Metaspace       used 64546K, capacity 66216K, committed 66424K, reserved 1107968K
  class space    used 8232K, capacity 8827K, committed 8832K, reserved 1048576K
}
Event: 13.987 GC heap after
{Heap after GC invocations=13 (full 0):
 garbage-first heap   total 233472K, used 56778K [0x0000000080000000, 0x0000000100000000)
  region size 1024K, 10 young (10240K), 10 survivors (10240K)
 Metaspace       used 64546K, capacity 66216K, committed 66424K, reserved 1107968K
  class space    used 8232K, capacity 8827K, committed 8832K, reserved 1048576K
}
Event: 132.318 GC heap before
{Heap before GC invocations=14 (full 0):
 garbage-first heap   total 233472K, used 165322K [0x0000000080000000, 0x0000000100000000)
  region size 1024K, 116 young (118784K), 10 survivors (10240K)
 Metaspace       used 76271K, capacity 78204K, committed 78328K, reserved 1118208K
  class space    used 9744K, capacity 10447K, committed 10496K, reserved 1048576K
}
Event: 132.343 GC heap after
{Heap after GC invocations=15 (full 0):
 garbage-first heap   total 233472K, used 65054K [0x0000000080000000, 0x0000000100000000)
  region size 1024K, 15 young (15360K), 15 survivors (15360K)
 Metaspace       used 76271K, capacity 78204K, committed 78328K, reserved 1118208K
  class space    used 9744K, capacity 10447K, committed 10496K, reserved 1048576K
}
Event: 136.119 GC heap before
{Heap before GC invocations=15 (full 0):
 garbage-first heap   total 233472K, used 171550K [0x0000000080000000, 0x0000000100000000)
  region size 1024K, 119 young (121856K), 15 survivors (15360K)
 Metaspace       used 85197K, capacity 87239K, committed 87416K, reserved 1124352K
  class space    used 11065K, capacity 11802K, committed 11904K, reserved 1048576K
}
Event: 136.149 GC heap after
{Heap after GC invocations=16 (full 0):
 garbage-first heap   total 233472K, used 73661K [0x0000000080000000, 0x0000000100000000)
  region size 1024K, 15 young (15360K), 15 survivors (15360K)
 Metaspace       used 85197K, capacity 87239K, committed 87416K, reserved 1124352K
  class space    used 11065K, capacity 11802K, committed 11904K, reserved 1048576K
}

Deoptimization events (20 events):
Event: 134.400 Thread 0x000001ec3e07f800 Uncommon trap: trap_request=0xffffff4d fr.pc=0x000001ec2cd55088 relative=0x0000000000000968
Event: 134.400 Thread 0x000001ec3e07f800 Uncommon trap: reason=unstable_if action=reinterpret pc=0x000001ec2cd55088 method=com.sun.beans.introspect.MethodInfo$MethodOrder.compare(Ljava/lang/reflect/Method;Ljava/lang/reflect/Method;)I @ 124 c2
Event: 134.400 Thread 0x000001ec3e07f800 DEOPT PACKING pc=0x000001ec2cd55088 sp=0x0000005bd1df6f60
Event: 134.400 Thread 0x000001ec3e07f800 DEOPT UNPACKING pc=0x000001ec24de78af sp=0x0000005bd1df6f00 mode 2
Event: 134.455 Thread 0x000001ec3e07f800 Uncommon trap: trap_request=0xfffffff4 fr.pc=0x000001ec2cac1e18 relative=0x0000000000000798
Event: 134.455 Thread 0x000001ec3e07f800 Uncommon trap: reason=null_check action=make_not_entrant pc=0x000001ec2cac1e18 method=org.gradle.util.internal.SimpleMapInterner.intern(Ljava/lang/Object;)Ljava/lang/Object; @ 2 c2
Event: 134.455 Thread 0x000001ec3e07f800 DEOPT PACKING pc=0x000001ec2cac1e18 sp=0x0000005bd1df77b0
Event: 134.455 Thread 0x000001ec3e07f800 DEOPT UNPACKING pc=0x000001ec24de78af sp=0x0000005bd1df7778 mode 2
Event: 136.243 Thread 0x000001ec3e07f800 Uncommon trap: trap_request=0xffffff4d fr.pc=0x000001ec2cb88988 relative=0x0000000000002be8
Event: 136.243 Thread 0x000001ec3e07f800 Uncommon trap: reason=unstable_if action=reinterpret pc=0x000001ec2cb88988 method=org.codehaus.groovy.reflection.CachedMethod.compareToMethod(Ljava/lang/reflect/Method;)I @ 71 c2
Event: 136.243 Thread 0x000001ec3e07f800 DEOPT PACKING pc=0x000001ec2cb88988 sp=0x0000005bd1df71d0
Event: 136.243 Thread 0x000001ec3e07f800 DEOPT UNPACKING pc=0x000001ec24de78af sp=0x0000005bd1df70c8 mode 2
Event: 136.349 Thread 0x000001ec3e07f800 Uncommon trap: trap_request=0xffffffde fr.pc=0x000001ec2ccda844 relative=0x0000000000001ee4
Event: 136.349 Thread 0x000001ec3e07f800 Uncommon trap: reason=class_check action=maybe_recompile pc=0x000001ec2ccda844 method=org.codehaus.groovy.reflection.ParameterTypes.getParametersTypes0()V @ 16 c2
Event: 136.349 Thread 0x000001ec3e07f800 DEOPT PACKING pc=0x000001ec2ccda844 sp=0x0000005bd1df81a0
Event: 136.349 Thread 0x000001ec3e07f800 DEOPT UNPACKING pc=0x000001ec24de78af sp=0x0000005bd1df8198 mode 2
Event: 136.362 Thread 0x000001ec3e07f800 Uncommon trap: trap_request=0xffffffde fr.pc=0x000001ec2ccda844 relative=0x0000000000001ee4
Event: 136.363 Thread 0x000001ec3e07f800 Uncommon trap: reason=class_check action=maybe_recompile pc=0x000001ec2ccda844 method=org.codehaus.groovy.reflection.ParameterTypes.getParametersTypes0()V @ 16 c2
Event: 136.363 Thread 0x000001ec3e07f800 DEOPT PACKING pc=0x000001ec2ccda844 sp=0x0000005bd1df8180
Event: 136.363 Thread 0x000001ec3e07f800 DEOPT UNPACKING pc=0x000001ec24de78af sp=0x0000005bd1df8178 mode 2

Classes redefined (0 events):
No events

Internal exceptions (20 events):
Event: 136.261 Thread 0x000001ec3e07f800 Exception <a 'java/lang/ClassNotFoundException'{0x000000008d86c470}: org/gradle/api/internal/tasks/DefaultTaskCollectionBeanInfo> (0x000000008d86c470) thrown at [./src/hotspot/share/classfile/systemDictionary.cpp, line 231]
Event: 136.261 Thread 0x000001ec3e07f800 Exception <a 'java/lang/ClassNotFoundException'{0x000000008d885d08}: org/gradle/api/internal/tasks/DefaultTaskCollectionCustomizer> (0x000000008d885d08) thrown at [./src/hotspot/share/classfile/systemDictionary.cpp, line 231]
Event: 136.267 Thread 0x000001ec3e07f800 Exception <a 'java/lang/ClassNotFoundException'{0x000000008d8c8c00}: org/gradle/api/internal/tasks/DefaultTaskContainerCustomizer> (0x000000008d8c8c00) thrown at [./src/hotspot/share/classfile/systemDictionary.cpp, line 231]
Event: 136.279 Thread 0x000001ec3e07f800 Exception <a 'java/lang/ClassNotFoundException'{0x000000008d7378d0}: org/gradle/api/internal/tasks/DefaultTaskContainer_DecoratedCustomizer> (0x000000008d7378d0) thrown at [./src/hotspot/share/classfile/systemDictionary.cpp, line 231]
Event: 136.294 Thread 0x000001ec3e07f800 Exception <a 'java/lang/ClassNotFoundException'{0x000000008d6acd88}: java/util/Collections$SingletonListBeanInfo> (0x000000008d6acd88) thrown at [./src/hotspot/share/classfile/systemDictionary.cpp, line 231]
Event: 136.294 Thread 0x000001ec3e07f800 Exception <a 'java/lang/ClassNotFoundException'{0x000000008d6b9018}: java/util/Collections$SingletonListCustomizer> (0x000000008d6b9018) thrown at [./src/hotspot/share/classfile/systemDictionary.cpp, line 231]
Event: 136.306 Thread 0x000001ec3e07f800 Exception <a 'java/lang/ClassNotFoundException'{0x000000008d55e1c8}: org/gradle/api/internal/tasks/DefaultTaskContainer$TaskCreatingProvider_DecoratedBeanInfo> (0x000000008d55e1c8) thrown at [./src/hotspot/share/classfile/systemDictionary.cpp, line 231]
Event: 136.306 Thread 0x000001ec3e07f800 Exception <a 'java/lang/ClassNotFoundException'{0x000000008d579f48}: org/gradle/api/internal/tasks/DefaultTaskContainer$TaskCreatingProviderBeanInfo> (0x000000008d579f48) thrown at [./src/hotspot/share/classfile/systemDictionary.cpp, line 231]
Event: 136.307 Thread 0x000001ec3e07f800 Exception <a 'java/lang/ClassNotFoundException'{0x000000008d599580}: org/gradle/api/internal/DefaultNamedDomainObjectCollection$AbstractDomainObjectCreatingProviderBeanInfo> (0x000000008d599580) thrown at [./src/hotspot/share/classfile/systemDictionary.cpp, line 231]
Event: 136.309 Thread 0x000001ec3e07f800 Exception <a 'java/lang/ClassNotFoundException'{0x000000008d5b8740}: org/gradle/api/internal/DefaultNamedDomainObjectCollection$AbstractNamedDomainObjectProviderBeanInfo> (0x000000008d5b8740) thrown at [./src/hotspot/share/classfile/systemDictionary.cpp, line 231]
Event: 136.310 Thread 0x000001ec3e07f800 Exception <a 'java/lang/ClassNotFoundException'{0x000000008d5d7a90}: org/gradle/api/internal/DefaultNamedDomainObjectCollection$AbstractNamedDomainObjectProviderCustomizer> (0x000000008d5d7a90) thrown at [./src/hotspot/share/classfile/systemDictionary.cpp, line 231]
Event: 136.312 Thread 0x000001ec3e07f800 Exception <a 'java/lang/ClassNotFoundException'{0x000000008d409600}: org/gradle/api/internal/DefaultNamedDomainObjectCollection$AbstractDomainObjectCreatingProviderCustomizer> (0x000000008d409600) thrown at [./src/hotspot/share/classfile/systemDictionary.cpp, line 231]
Event: 136.315 Thread 0x000001ec3e07f800 Exception <a 'java/lang/ClassNotFoundException'{0x000000008d42fdf8}: org/gradle/api/internal/tasks/DefaultTaskContainer$TaskCreatingProviderCustomizer> (0x000000008d42fdf8) thrown at [./src/hotspot/share/classfile/systemDictionary.cpp, line 231]
Event: 136.316 Thread 0x000001ec3e07f800 Exception <a 'java/lang/ClassNotFoundException'{0x000000008d4552d0}: org/gradle/api/internal/tasks/DefaultTaskContainer$TaskCreatingProvider_DecoratedCustomizer> (0x000000008d4552d0) thrown at [./src/hotspot/share/classfile/systemDictionary.cpp, line 231]
Event: 136.324 Thread 0x000001ec3e07f800 Exception <a 'java/lang/NoClassDefFoundError'{0x000000008d4b2700}: org/jetbrains/kotlin/gradle/plugin/KotlinBasePluginWrapper> (0x000000008d4b2700) thrown at [./src/hotspot/share/classfile/systemDictionary.cpp, line 220]
Event: 136.347 Thread 0x000001ec3e07f800 Exception <a 'java/lang/ClassNotFoundException'{0x000000008d36dcf0}: com/google/android/gms/dependencies/DependencyAnalyzerBeanInfo> (0x000000008d36dcf0) thrown at [./src/hotspot/share/classfile/systemDictionary.cpp, line 231]
Event: 136.348 Thread 0x000001ec3e07f800 Exception <a 'java/lang/ClassNotFoundException'{0x000000008d387298}: com/google/android/gms/dependencies/DependencyAnalyzerCustomizer> (0x000000008d387298) thrown at [./src/hotspot/share/classfile/systemDictionary.cpp, line 231]
Event: 136.361 Thread 0x000001ec3e07f800 Exception <a 'java/lang/ClassNotFoundException'{0x000000008d204948}: com/google/android/gms/dependencies/DependencyInspectorBeanInfo> (0x000000008d204948) thrown at [./src/hotspot/share/classfile/systemDictionary.cpp, line 231]
Event: 136.361 Thread 0x000001ec3e07f800 Exception <a 'java/lang/ClassNotFoundException'{0x000000008d21dd10}: com/google/android/gms/dependencies/DependencyInspectorCustomizer> (0x000000008d21dd10) thrown at [./src/hotspot/share/classfile/systemDictionary.cpp, line 231]
Event: 136.377 Thread 0x000001ec3e07f800 Exception <a 'java/lang/ClassNotFoundException'{0x000000008d0b5c08}: org/gradle/api/internal/artifacts/configurations/DefaultConfigurationContainer_DecoratedBeanInfo> (0x000000008d0b5c08) thrown at [./src/hotspot/share/classfile/systemDictionary.cpp, line 231]

Events (20 events):
Event: 136.361 loading class com/google/android/gms/dependencies/DependencyInspectorCustomizer
Event: 136.361 loading class com/google/android/gms/dependencies/DependencyInspectorCustomizer done
Event: 136.361 loading class com/google/android/gms/dependencies/DependencyInspectorCustomizer
Event: 136.361 loading class com/google/android/gms/dependencies/DependencyInspectorCustomizer done
Event: 136.362 Executing VM operation: RevokeBias
Event: 136.362 Executing VM operation: RevokeBias done
Event: 136.366 loading class com/google/gms/googleservices/GoogleServicesPlugin$_apply_closure1$_closure12
Event: 136.366 loading class com/google/gms/googleservices/GoogleServicesPlugin$_apply_closure1$_closure12 done
Event: 136.367 loading class groovy/runtime/metaclass/com/google/gms/googleservices/GoogleServicesPlugin$_apply_closure1$_closure12MetaClass
Event: 136.367 loading class groovy/runtime/metaclass/com/google/gms/googleservices/GoogleServicesPlugin$_apply_closure1$_closure12MetaClass done
Event: 136.368 loading class groovy/runtime/metaclass/org/gradle/api/internal/artifacts/configurations/DefaultConfigurationContainer_DecoratedMetaClass
Event: 136.368 loading class groovy/runtime/metaclass/org/gradle/api/internal/artifacts/configurations/DefaultConfigurationContainer_DecoratedMetaClass done
Event: 136.375 loading class org/gradle/api/internal/artifacts/configurations/DefaultConfigurationContainer_DecoratedBeanInfo
Event: 136.375 loading class org/gradle/api/internal/artifacts/configurations/DefaultConfigurationContainer_DecoratedBeanInfo done
Event: 136.376 loading class org/gradle/api/internal/artifacts/configurations/DefaultConfigurationContainer_DecoratedBeanInfo
Event: 136.376 loading class org/gradle/api/internal/artifacts/configurations/DefaultConfigurationContainer_DecoratedBeanInfo done
Event: 136.377 loading class org/gradle/api/internal/artifacts/configurations/DefaultConfigurationContainer_DecoratedBeanInfo
Event: 136.377 loading class org/gradle/api/internal/artifacts/configurations/DefaultConfigurationContainer_DecoratedBeanInfo done
Event: 136.377 loading class org/gradle/api/internal/artifacts/configurations/DefaultConfigurationContainerBeanInfo
Event: 136.377 loading class org/gradle/api/internal/artifacts/configurations/DefaultConfigurationContainerBeanInfo done


Dynamic libraries:
0x00007ff61b760000 - 0x00007ff61b76a000 	D:\Program Files\Android\Android Studio\jre\bin\java.exe
0x00007fff17bf0000 - 0x00007fff17de5000 	C:\WINDOWS\SYSTEM32\ntdll.dll
0x00007fff16590000 - 0x00007fff1664e000 	C:\WINDOWS\System32\KERNEL32.DLL
0x00007fff15420000 - 0x00007fff156e8000 	C:\WINDOWS\System32\KERNELBASE.dll
0x00007fff159d0000 - 0x00007fff15ad0000 	C:\WINDOWS\System32\ucrtbase.dll
0x00007fff045f0000 - 0x00007fff04607000 	D:\Program Files\Android\Android Studio\jre\bin\VCRUNTIME140.dll
0x00007ffeea5a0000 - 0x00007ffeea5b9000 	D:\Program Files\Android\Android Studio\jre\bin\jli.dll
0x00007fff16b30000 - 0x00007fff16cd0000 	C:\WINDOWS\System32\USER32.dll
0x00007fff153f0000 - 0x00007fff15412000 	C:\WINDOWS\System32\win32u.dll
0x00007fff0b310000 - 0x00007fff0b5aa000 	C:\WINDOWS\WinSxS\amd64_microsoft.windows.common-controls_6595b64144ccf1df_6.0.19041.1110_none_60b5254171f9507e\COMCTL32.dll
0x00007fff16850000 - 0x00007fff1687a000 	C:\WINDOWS\System32\GDI32.dll
0x00007fff17600000 - 0x00007fff1769e000 	C:\WINDOWS\System32\msvcrt.dll
0x00007fff15760000 - 0x00007fff1586b000 	C:\WINDOWS\System32\gdi32full.dll
0x00007fff15ad0000 - 0x00007fff15b6d000 	C:\WINDOWS\System32\msvcp_win.dll
0x00007fff17b20000 - 0x00007fff17b50000 	C:\WINDOWS\System32\IMM32.DLL
0x00007ffed9470000 - 0x00007ffed950d000 	D:\Program Files\Android\Android Studio\jre\bin\msvcp140.dll
0x00007ffe90260000 - 0x00007ffe90d2f000 	D:\Program Files\Android\Android Studio\jre\bin\server\jvm.dll
0x00007fff167a0000 - 0x00007fff1684e000 	C:\WINDOWS\System32\ADVAPI32.dll
0x00007fff164e0000 - 0x00007fff1657c000 	C:\WINDOWS\System32\sechost.dll
0x00007fff16df0000 - 0x00007fff16f15000 	C:\WINDOWS\System32\RPCRT4.dll
0x00007fff176a0000 - 0x00007fff176a8000 	C:\WINDOWS\System32\PSAPI.DLL
0x00007fff128b0000 - 0x00007fff128b9000 	C:\WINDOWS\SYSTEM32\WSOCK32.dll
0x00007fff02c30000 - 0x00007fff02c3a000 	C:\WINDOWS\SYSTEM32\VERSION.dll
0x00007fff16cd0000 - 0x00007fff16d3b000 	C:\WINDOWS\System32\WS2_32.dll
0x00007ffefe6e0000 - 0x00007ffefe707000 	C:\WINDOWS\SYSTEM32\WINMM.dll
0x00007fff13410000 - 0x00007fff13422000 	C:\WINDOWS\SYSTEM32\kernel.appcore.dll
0x00007ffeed440000 - 0x00007ffeed451000 	D:\Program Files\Android\Android Studio\jre\bin\verify.dll
0x00007fff130b0000 - 0x00007fff13294000 	C:\WINDOWS\SYSTEM32\DBGHELP.DLL
0x00007ffefeb90000 - 0x00007ffefebbc000 	C:\WINDOWS\SYSTEM32\dbgcore.DLL
0x00007fff15bc0000 - 0x00007fff15c42000 	C:\WINDOWS\System32\bcryptPrimitives.dll
0x00007ffeea4e0000 - 0x00007ffeea509000 	D:\Program Files\Android\Android Studio\jre\bin\java.dll
0x00007fff046d0000 - 0x00007fff046db000 	D:\Program Files\Android\Android Studio\jre\bin\jimage.dll
0x00007ffeea6c0000 - 0x00007ffeea6d8000 	D:\Program Files\Android\Android Studio\jre\bin\zip.dll
0x00007fff15c50000 - 0x00007fff16394000 	C:\WINDOWS\System32\SHELL32.dll
0x00007fff13430000 - 0x00007fff13bc4000 	C:\WINDOWS\SYSTEM32\windows.storage.dll
0x00007fff170d0000 - 0x00007fff17424000 	C:\WINDOWS\System32\combase.dll
0x00007fff14d80000 - 0x00007fff14dac000 	C:\WINDOWS\SYSTEM32\Wldp.dll
0x00007fff16430000 - 0x00007fff164dd000 	C:\WINDOWS\System32\SHCORE.dll
0x00007fff175a0000 - 0x00007fff175f5000 	C:\WINDOWS\System32\shlwapi.dll
0x00007fff15250000 - 0x00007fff1526f000 	C:\WINDOWS\SYSTEM32\profapi.dll
0x00007ffeea4c0000 - 0x00007ffeea4da000 	D:\Program Files\Android\Android Studio\jre\bin\net.dll
0x00007fff0d5a0000 - 0x00007fff0d6aa000 	C:\WINDOWS\SYSTEM32\WINHTTP.dll
0x00007fff14ae0000 - 0x00007fff14b4a000 	C:\WINDOWS\system32\mswsock.dll
0x00007ffee79a0000 - 0x00007ffee79b4000 	D:\Program Files\Android\Android Studio\jre\bin\nio.dll
0x00007ffee81b0000 - 0x00007ffee81d7000 	C:\Users\Markazi.co\.gradle\native\8bec1ad78214c89d9ad589b4d07fe93259594b29d510b10fafb7a158f7737e5d\windows-amd64\native-platform.dll
0x00007ffed4180000 - 0x00007ffed42bd000 	C:\Users\Markazi.co\.gradle\native\53dbd7edfb1c66fb8903c78663c9afc45aea4f116125fa6feffd364cf09443e8\windows-amd64\native-platform-file-events.dll
0x00007ffeff9b0000 - 0x00007ffeff9ba000 	D:\Program Files\Android\Android Studio\jre\bin\management.dll
0x00007ffeff7a0000 - 0x00007ffeff7ac000 	D:\Program Files\Android\Android Studio\jre\bin\management_ext.dll
0x00007fff14cd0000 - 0x00007fff14ce8000 	C:\WINDOWS\SYSTEM32\CRYPTSP.dll
0x00007fff14390000 - 0x00007fff143c4000 	C:\WINDOWS\system32\rsaenh.dll
0x00007fff153c0000 - 0x00007fff153e7000 	C:\WINDOWS\System32\bcrypt.dll
0x00007fff15210000 - 0x00007fff1523e000 	C:\WINDOWS\SYSTEM32\USERENV.dll
0x00007fff14cf0000 - 0x00007fff14cfc000 	C:\WINDOWS\SYSTEM32\CRYPTBASE.dll
0x00007fff14780000 - 0x00007fff147bb000 	C:\WINDOWS\SYSTEM32\IPHLPAPI.DLL
0x00007fff16580000 - 0x00007fff16588000 	C:\WINDOWS\System32\NSI.dll
0x00007fff0f2c0000 - 0x00007fff0f2d7000 	C:\WINDOWS\SYSTEM32\dhcpcsvc6.DLL
0x00007fff0f540000 - 0x00007fff0f55d000 	C:\WINDOWS\SYSTEM32\dhcpcsvc.DLL
0x00007fff147c0000 - 0x00007fff1488b000 	C:\WINDOWS\SYSTEM32\DNSAPI.dll

dbghelp: loaded successfully - version: 4.0.5 - missing functions: none
symbol engine: initialized successfully - sym options: 0x614 - pdb path: .;D:\Program Files\Android\Android Studio\jre\bin;C:\WINDOWS\SYSTEM32;C:\WINDOWS\WinSxS\amd64_microsoft.windows.common-controls_6595b64144ccf1df_6.0.19041.1110_none_60b5254171f9507e;D:\Program Files\Android\Android Studio\jre\bin\server;C:\Users\Markazi.co\.gradle\native\8bec1ad78214c89d9ad589b4d07fe93259594b29d510b10fafb7a158f7737e5d\windows-amd64;C:\Users\Markazi.co\.gradle\native\53dbd7edfb1c66fb8903c78663c9afc45aea4f116125fa6feffd364cf09443e8\windows-amd64

VM Arguments:
jvm_args: --add-opens=java.base/java.util=ALL-UNNAMED --add-opens=java.base/java.lang=ALL-UNNAMED --add-opens=java.base/java.lang.invoke=ALL-UNNAMED --add-opens=java.base/java.util=ALL-UNNAMED --add-opens=java.prefs/java.util.prefs=ALL-UNNAMED --add-opens=java.prefs/java.util.prefs=ALL-UNNAMED --add-opens=java.base/java.nio.charset=ALL-UNNAMED --add-opens=java.base/java.net=ALL-UNNAMED --add-opens=java.base/java.util.concurrent.atomic=ALL-UNNAMED -Xmx2048m -Dfile.encoding=UTF-8 -Duser.country=US -Duser.language=en -Duser.variant 
java_command: org.gradle.launcher.daemon.bootstrap.GradleDaemon 7.0.2
java_class_path (initial): C:\Users\Markazi.co\.gradle\wrapper\dists\gradle-7.0.2-bin\857tjihv64xamwrf0h14cai3r\gradle-7.0.2\lib\gradle-launcher-7.0.2.jar
Launcher Type: SUN_STANDARD

[Global flags]
     intx CICompilerCount                          = 3                                         {product} {ergonomic}
     uint ConcGCThreads                            = 1                                         {product} {ergonomic}
     uint G1ConcRefinementThreads                  = 4                                         {product} {ergonomic}
   size_t G1HeapRegionSize                         = 1048576                                   {product} {ergonomic}
    uintx GCDrainStackTargetSize                   = 64                                        {product} {ergonomic}
   size_t InitialHeapSize                          = 199229440                                 {product} {ergonomic}
   size_t MarkStackSize                            = 4194304                                   {product} {ergonomic}
   size_t MaxHeapSize                              = 2147483648                                {product} {command line}
   size_t MaxNewSize                               = 1287651328                                {product} {ergonomic}
   size_t MinHeapDeltaBytes                        = 1048576                                   {product} {ergonomic}
    uintx NonNMethodCodeHeapSize                   = 5830732                                {pd product} {ergonomic}
    uintx NonProfiledCodeHeapSize                  = 122913754                              {pd product} {ergonomic}
    uintx ProfiledCodeHeapSize                     = 122913754                              {pd product} {ergonomic}
    uintx ReservedCodeCacheSize                    = 251658240                              {pd product} {ergonomic}
     bool SegmentedCodeCache                       = true                                      {product} {ergonomic}
     bool UseCompressedClassPointers               = true                                 {lp64_product} {ergonomic}
     bool UseCompressedOops                        = true                                 {lp64_product} {ergonomic}
     bool UseG1GC                                  = true                                      {product} {ergonomic}
     bool UseLargePagesIndividualAllocation        = false                                  {pd product} {ergonomic}

Logging:
Log output configuration:
 #0: stdout all=warning uptime,level,tags
 #1: stderr all=off uptime,level,tags

Environment Variables:
JAVA_HOME=D:\Program Files\Java\jdk-17
PATH=C:\Program Files\Common Files\Oracle\Java\javapath;C:\ProgramData\Oracle\Java\javapath;C:\WINDOWS\system32;C:\WINDOWS;C:\WINDOWS\System32\Wbem;C:\WINDOWS\System32\WindowsPowerShell\v1.0\;C:\WINDOWS\System32\OpenSSH\;C:\Program Files\Microsoft SQL Server\130\Tools\Binn\;C:\Users\Markazi.co\AppData\Local\Programs\Python\Python38-32;C:\Program Files\Microsoft SQL Server\Client SDK\ODBC\170\Tools\Binn\;C:\Program Files (x86)\Microsoft SQL Server\150\Tools\Binn\;C:\Program Files\Microsoft SQL Server\150\Tools\Binn\;C:\Program Files\Microsoft SQL Server\150\DTS\Binn\;C:\Program Files\dotnet\;D:\Program Files\gradle-6.8.3-all\gradle-6.8.3\bin;d:\Program Files\Git\cmd;C:\Program Files (x86)\dotnet\;C:\Program Files\Microsoft SQL Server\110\Tools\Binn\;D:\Program Files\Java\jdk-17\bin;D:\wamp64\bin\php\php7.4.9;C:\ProgramData\ComposerSetup\bin;D:\Program Files\nodejs\;d:\Program Files (x86)\Gpg4win\..\GnuPG\bin;C:\Users\Markazi.co\AppData\Local\Microsoft\WindowsApps;D:\Users\Markazi.co\AppData\Local\Programs\Microsoft VS Code\bin;C:\Users\Markazi.co\AppData\Local\Programs\Python\Python38-32\Scripts;C:\Program Files\Azure Data Studio\bin;C:\Users\Markazi.co\AppData\Roaming\Composer\vendor\bin;C:\Users\Markazi.co\AppData\Roaming\npm;C:\Users\Markazi.co\AppData\Local\GitHubDesktop\bin
USERNAME=Markazi.co
OS=Windows_NT
PROCESSOR_IDENTIFIER=Intel64 Family 6 Model 78 Stepping 3, GenuineIntel



---------------  S Y S T E M  ---------------

OS: Windows 10 , 64 bit Build 19041 (10.0.19041.1645)
OS uptime: 9 days 6:56 hours

CPU:total 4 (initial active 4) (2 cores per cpu, 2 threads per core) family 6 model 78 stepping 3 microcode 0xcc, cmov, cx8, fxsr, mmx, sse, sse2, sse3, ssse3, sse4.1, sse4.2, popcnt, avx, avx2, aes, clmul, erms, 3dnowpref, lzcnt, ht, tsc, tscinvbit, bmi1, bmi2, adx, fma

Memory: 4k page, system-wide physical 12148M (1607M free)
TotalPageFile size 24585M (AvailPageFile size 6M)
current process WorkingSet (physical memory assigned to process): 463M, peak: 464M
current process commit charge ("private bytes"): 500M, peak: 503M

vm_info: OpenJDK 64-Bit Server VM (11.0.10+0-b96-7249189) for windows-amd64 JRE (11.0.10+0-b96-7249189), built on Mar 31 2021 21:44:00 by "builder" with MS VC++ 14.0 (VS2015)

END.
